<?xml version="1.0" encoding="UTF-8"?>
<!-- Generated by org.testng.reporters.JUnitReportReporter -->
<testsuite skipped="0" hostname="Tarun" name="education.javatpoint" tests="1" failures="0" timestamp="2023-02-21T15:42:29 IST" time="14.529" errors="0">
  <testcase name="java" time="14.529" classname="education.javatpoint"/>
  <system-out>
javatpoint is opened  </system-out>
</testsuite> <!-- education.javatpoint -->
