<?xml version="1.0" encoding="UTF-8"?>
<!-- Generated by org.testng.reporters.JUnitReportReporter -->
<testsuite skipped="0" hostname="Tarun" name="education.yesmelano" tests="1" failures="0" timestamp="2023-02-21T15:41:17 IST" time="54.183" errors="0">
  <testcase name="melano" time="54.183" classname="education.yesmelano"/>
  <system-out>
yesmilano is opened  </system-out>
</testsuite> <!-- education.yesmelano -->
