<?xml version="1.0" encoding="UTF-8"?>
<!-- Generated by org.testng.reporters.JUnitReportReporter -->
<testsuite skipped="0" hostname="Tarun" name="methods.testngpractisedependency" tests="1" failures="0" timestamp="2023-02-21T15:41:17 IST" time="22.628" errors="0">
  <testcase name="actitime" time="22.628" classname="methods.testngpractisedependency"/>
  <system-out>
actitime is opened  </system-out>
</testsuite> <!-- methods.testngpractisedependency -->
