<?xml version="1.0" encoding="UTF-8"?>
<!-- Generated by org.testng.reporters.JUnitReportReporter -->
<testsuite skipped="0" hostname="Tarun" name="education.explore" tests="1" failures="0" timestamp="2023-02-21T15:42:29 IST" time="12.232" errors="0">
  <testcase name="explorey" time="12.232" classname="education.explore"/>
  <system-out>
exploreysu is opened  </system-out>
</testsuite> <!-- education.explore -->
