<?xml version="1.0" encoding="UTF-8"?>
<!-- Generated by org.testng.reporters.JUnitReportReporter -->
<testsuite skipped="0" hostname="Tarun" name="shopping.swiggy" tests="1" failures="0" timestamp="2023-02-21T16:15:43 IST" time="13.304" errors="0">
  <testcase name="foodie" time="13.304" classname="shopping.swiggy"/>
  <system-out>
swiggy is opened  </system-out>
</testsuite> <!-- shopping.swiggy -->
