<?xml version="1.0" encoding="UTF-8"?>
<!-- Generated by org.testng.reporters.JUnitReportReporter -->
<testsuite skipped="0" hostname="Tarun" name="shopping.dunzo" tests="1" failures="0" timestamp="2023-02-21T16:15:43 IST" time="15.908" errors="0">
  <testcase name="dunzoshopping" time="15.908" classname="shopping.dunzo"/>
  <system-out>
dunzo is opened  </system-out>
</testsuite> <!-- shopping.dunzo -->
