<?xml version="1.0" encoding="UTF-8"?>
<!-- Generated by org.testng.reporters.JUnitReportReporter -->
<testsuite skipped="0" hostname="Tarun" name="education.canada" tests="1" failures="0" timestamp="2023-02-21T15:41:17 IST" time="13.843" errors="0">
  <testcase name="canwest" time="13.843" classname="education.canada"/>
  <system-out>
ucanwest is opened  </system-out>
</testsuite> <!-- education.canada -->
