<?xml version="1.0" encoding="UTF-8"?>
<!-- Generated by org.testng.reporters.JUnitReportReporter -->
<testsuite skipped="0" hostname="Tarun" name="unit_testing_tool.checking_priority" tests="4" failures="0" timestamp="2023-02-20T15:31:51 IST" time="0.013" errors="0">
  <testcase name="invalidlogin" time="0.011" classname="unit_testing_tool.checking_priority"/>
  <system-out/>
  <testcase name="details" time="0.001" classname="unit_testing_tool.checking_priority"/>
  <system-out/>
  <testcase name="register" time="0.000" classname="unit_testing_tool.checking_priority"/>
  <system-out/>
  <testcase name="login" time="0.001" classname="unit_testing_tool.checking_priority"/>
  <system-out/>
</testsuite> <!-- unit_testing_tool.checking_priority -->
