<?xml version="1.0" encoding="UTF-8"?>
<!-- Generated by org.testng.reporters.JUnitReportReporter -->
<testsuite skipped="0" hostname="Tarun" name="education.educative" tests="1" failures="0" timestamp="2023-02-21T15:37:57 IST" time="13.187" errors="0">
  <testcase name="edu" time="13.187" classname="education.educative"/>
  <system-out>
educative is opened  </system-out>
</testsuite> <!-- education.educative -->
