<?xml version="1.0" encoding="UTF-8"?>
<!-- Generated by org.testng.reporters.JUnitReportReporter -->
<testsuite skipped="0" hostname="Tarun" name="configuration_annotation.orderofexecution" tests="1" failures="0" timestamp="2023-02-24T10:09:59 IST" time="0.004" errors="0">
  <testcase name="create_account" time="0.004" classname="configuration_annotation.orderofexecution"/>
  <system-out>
account should be created  </system-out>
</testsuite> <!-- configuration_annotation.orderofexecution -->
