<?xml version="1.0" encoding="UTF-8"?>
<!-- Generated by org.testng.reporters.JUnitReportReporter -->
<testsuite skipped="0" hostname="Tarun" name="unit_testing_tool.dataproviderusing_2D" tests="3" failures="0" timestamp="2023-02-21T18:01:58 IST" time="41.480" errors="0">
  <testcase name="login" time="14.890" classname="unit_testing_tool.dataproviderusing_2D"/>
  <system-out/>
  <testcase name="login" time="13.157" classname="unit_testing_tool.dataproviderusing_2D"/>
  <system-out/>
  <testcase name="login" time="13.433" classname="unit_testing_tool.dataproviderusing_2D"/>
  <system-out/>
</testsuite> <!-- unit_testing_tool.dataproviderusing_2D -->
