<?xml version="1.0" encoding="UTF-8"?>
<!-- Generated by org.testng.reporters.JUnitReportReporter -->
<testsuite skipped="0" hostname="Tarun" name="unit_testing_tool.opening_browser_using_testNG" tests="7" failures="0" timestamp="2023-02-20T17:02:59 IST" time="62.010" errors="0">
  <testcase name="youtube" time="11.879" classname="unit_testing_tool.opening_browser_using_testNG"/>
  <system-out/>
  <testcase name="youtube" time="11.235" classname="unit_testing_tool.opening_browser_using_testNG"/>
  <system-out/>
  <testcase name="youtube" time="8.923" classname="unit_testing_tool.opening_browser_using_testNG"/>
  <system-out/>
  <testcase name="makemytrip" time="6.834" classname="unit_testing_tool.opening_browser_using_testNG"/>
  <system-out/>
  <testcase name="makemytrip" time="5.449" classname="unit_testing_tool.opening_browser_using_testNG"/>
  <system-out/>
  <testcase name="myntra" time="9.806" classname="unit_testing_tool.opening_browser_using_testNG"/>
  <system-out/>
  <testcase name="amazon" time="7.884" classname="unit_testing_tool.opening_browser_using_testNG"/>
  <system-out/>
</testsuite> <!-- unit_testing_tool.opening_browser_using_testNG -->
